<?xml version="1.0" encoding="UTF-8"?>
<testng-results total="1" passed="1" failed="0" skipped="0">
  <reporter-output>
  </reporter-output>
  <suite started-at="2020-03-04T07:03:42Z" name="Suite1" finished-at="2020-03-04T07:03:50Z" duration-ms="7536">
    <groups>
    </groups>
    <test started-at="2020-03-04T07:03:42Z" name="Nopackage" finished-at="2020-03-04T07:03:50Z" duration-ms="7536">
      <class name="tests.LoginTest">
        <test-method is-config="true" signature="setup()[pri:0, instance:tests.LoginTest@4470f8a6]" started-at="2020-03-04T12:33:42Z" name="setup" finished-at="2020-03-04T12:33:47Z" duration-ms="4848" status="PASS">
          <reporter-output>
          </reporter-output>
        </test-method> <!-- setup -->
        <test-method signature="verifylogin()[pri:0, instance:tests.LoginTest@4470f8a6]" started-at="2020-03-04T12:33:47Z" name="verifylogin" finished-at="2020-03-04T12:33:49Z" duration-ms="2042" status="PASS">
          <reporter-output>
          </reporter-output>
        </test-method> <!-- verifylogin -->
        <test-method is-config="true" signature="close()[pri:0, instance:tests.LoginTest@4470f8a6]" started-at="2020-03-04T12:33:49Z" name="close" finished-at="2020-03-04T12:33:50Z" duration-ms="619" status="PASS">
          <reporter-output>
          </reporter-output>
        </test-method> <!-- close -->
      </class> <!-- tests.LoginTest -->
    </test> <!-- Nopackage -->
  </suite> <!-- Suite1 -->
</testng-results>
